out. 11, 2024 6:53:06 PM logs_config.LogHandler setLog
INFO: DROP, CREATE e USE database

out. 11, 2024 6:53:07 PM logs_config.LogHandler setLog
INFO: DROP e CREATE tabela Municipios

out. 11, 2024 6:53:10 PM logs_config.LogHandler setLog
INFO: Células lidas com sucesso

out. 11, 2024 6:53:10 PM logs_config.LogHandler setLog
INFO: Iniciando inserção dos objetos no Banco

out. 11, 2024 6:53:12 PM logs_config.LogHandler setLog
INFO: Todos objetos inseridos no Banco

out. 11, 2024 6:53:12 PM logs_config.LogHandler setLog
INFO: Exibindo dados da tabela MySQL

out. 11, 2024 6:53:12 PM logs_config.LogHandler setLog
INFO: Exibição de objetos finalizada

out. 11, 2024 6:53:48 PM logs_config.LogHandler setLog
INFO: DROP, CREATE e USE database

out. 11, 2024 6:53:48 PM logs_config.LogHandler setLog
INFO: DROP e CREATE tabela Municipios

out. 11, 2024 6:53:50 PM logs_config.LogHandler setLog
INFO: Células lidas com sucesso

out. 11, 2024 6:53:50 PM logs_config.LogHandler setLog
INFO: Iniciando inserção dos objetos no Banco

out. 11, 2024 6:53:52 PM logs_config.LogHandler setLog
INFO: Todos objetos inseridos no Banco

out. 11, 2024 6:53:52 PM logs_config.LogHandler setLog
INFO: Exibindo dados da tabela MySQL

out. 11, 2024 6:53:52 PM logs_config.LogHandler setLog
INFO: Exibição de objetos finalizada

out. 11, 2024 7:08:57 PM logs_config.LogHandler setLog
INFO: DROP, CREATE e USE database

out. 11, 2024 7:08:58 PM logs_config.LogHandler setLog
INFO: DROP e CREATE tabela Municipios

out. 11, 2024 7:09:00 PM logs_config.LogHandler setLog
INFO: Células lidas com sucesso

out. 11, 2024 7:09:00 PM logs_config.LogHandler setLog
INFO: Iniciando inserção dos objetos no Banco

out. 11, 2024 7:09:01 PM logs_config.LogHandler setLog
INFO: Todos objetos inseridos no Banco

out. 11, 2024 7:10:04 PM logs_config.LogHandler setLog
INFO: DROP, CREATE e USE database

out. 11, 2024 7:10:04 PM logs_config.LogHandler setLog
INFO: DROP e CREATE tabela Municipios

out. 11, 2024 7:10:07 PM logs_config.LogHandler setLog
INFO: Células lidas com sucesso

out. 11, 2024 7:10:07 PM logs_config.LogHandler setLog
INFO: Iniciando inserção dos objetos no Banco

out. 11, 2024 7:10:08 PM logs_config.LogHandler setLog
INFO: Todos objetos inseridos no Banco

out. 11, 2024 7:11:18 PM logs_config.LogHandler setLog
INFO: DROP, CREATE e USE database

out. 11, 2024 7:11:19 PM logs_config.LogHandler setLog
INFO: DROP e CREATE tabela Municipios

out. 11, 2024 7:11:21 PM logs_config.LogHandler setLog
INFO: Células lidas com sucesso

out. 11, 2024 7:11:21 PM logs_config.LogHandler setLog
INFO: Iniciando inserção dos objetos no Banco

out. 11, 2024 7:11:22 PM logs_config.LogHandler setLog
INFO: Todos objetos inseridos no Banco

out. 11, 2024 7:11:22 PM logs_config.LogHandler setLog
INFO: Exibindo dados da tabela MySQL

out. 11, 2024 7:11:22 PM logs_config.LogHandler setLog
INFO: Exibição de objetos finalizada

out. 11, 2024 7:15:50 PM logs_config.LogHandler setLog
INFO: DROP, CREATE e USE database

out. 11, 2024 7:15:50 PM logs_config.LogHandler setLog
INFO: DROP e CREATE tabela Municipios

out. 11, 2024 7:15:53 PM logs_config.LogHandler setLog
INFO: Células lidas com sucesso

out. 11, 2024 7:15:53 PM logs_config.LogHandler setLog
INFO: Iniciando inserção dos objetos no Banco

out. 11, 2024 7:15:54 PM logs_config.LogHandler setLog
INFO: Todos objetos inseridos no Banco

out. 11, 2024 7:15:54 PM logs_config.LogHandler setLog
INFO: Exibindo dados da tabela MySQL

out. 11, 2024 7:15:54 PM logs_config.LogHandler setLog
INFO: Exibição de objetos finalizada

out. 11, 2024 7:17:04 PM logs_config.LogHandler setLog
INFO: DROP, CREATE e USE database

out. 11, 2024 7:17:04 PM logs_config.LogHandler setLog
INFO: DROP e CREATE tabela Municipios

out. 11, 2024 7:17:06 PM logs_config.LogHandler setLog
INFO: Células lidas com sucesso

out. 11, 2024 7:17:06 PM logs_config.LogHandler setLog
INFO: Iniciando inserção dos objetos no Banco

out. 11, 2024 7:17:08 PM logs_config.LogHandler setLog
INFO: Todos objetos inseridos no Banco

out. 11, 2024 7:17:08 PM logs_config.LogHandler setLog
INFO: Exibindo dados da tabela MySQL

out. 11, 2024 7:17:08 PM logs_config.LogHandler setLog
INFO: Exibição de objetos finalizada

out. 11, 2024 7:28:38 PM logs_config.LogHandler setLog
INFO: DROP, CREATE e USE database

out. 11, 2024 7:28:38 PM logs_config.LogHandler setLog
INFO: DROP e CREATE tabela Municipios

out. 11, 2024 7:28:41 PM logs_config.LogHandler setLog
INFO: Células lidas com sucesso

out. 11, 2024 7:28:41 PM logs_config.LogHandler setLog
INFO: Iniciando inserção dos objetos no Banco

out. 11, 2024 7:28:42 PM logs_config.LogHandler setLog
INFO: Todos objetos inseridos no Banco

out. 11, 2024 7:28:42 PM logs_config.LogHandler setLog
INFO: Exibindo dados da tabela MySQL

out. 11, 2024 7:28:42 PM logs_config.LogHandler setLog
INFO: Exibição de objetos finalizada

out. 11, 2024 7:28:52 PM logs_config.LogHandler setLog
INFO: DROP, CREATE e USE database

out. 11, 2024 7:28:53 PM logs_config.LogHandler setLog
INFO: DROP e CREATE tabela Municipios

out. 11, 2024 7:28:55 PM logs_config.LogHandler setLog
INFO: Células lidas com sucesso

out. 11, 2024 7:28:55 PM logs_config.LogHandler setLog
INFO: Iniciando inserção dos objetos no Banco

out. 11, 2024 7:28:56 PM logs_config.LogHandler setLog
INFO: Todos objetos inseridos no Banco

out. 11, 2024 7:28:56 PM logs_config.LogHandler setLog
INFO: Exibindo dados da tabela MySQL

out. 11, 2024 7:28:56 PM logs_config.LogHandler setLog
INFO: Exibição de objetos finalizada

out. 11, 2024 7:29:22 PM logs_config.LogHandler setLog
INFO: DROP, CREATE e USE database

out. 11, 2024 7:29:23 PM logs_config.LogHandler setLog
INFO: DROP e CREATE tabela Municipios

out. 11, 2024 7:29:25 PM logs_config.LogHandler setLog
INFO: DROP, CREATE e USE database

out. 11, 2024 7:29:25 PM logs_config.LogHandler setLog
INFO: DROP e CREATE tabela Municipios

out. 11, 2024 7:29:28 PM logs_config.LogHandler setLog
INFO: Células lidas com sucesso

out. 11, 2024 7:29:28 PM logs_config.LogHandler setLog
INFO: Iniciando inserção dos objetos no Banco

out. 11, 2024 7:29:29 PM logs_config.LogHandler setLog
INFO: Todos objetos inseridos no Banco

out. 11, 2024 7:29:29 PM logs_config.LogHandler setLog
INFO: Exibindo dados da tabela MySQL

out. 11, 2024 7:29:30 PM logs_config.LogHandler setLog
INFO: Exibição de objetos finalizada

out. 11, 2024 7:37:03 PM logs_config.LogHandler setLog
INFO: DROP, CREATE e USE database

out. 11, 2024 7:37:04 PM logs_config.LogHandler setLog
INFO: DROP e CREATE tabela Municipios

out. 11, 2024 7:37:06 PM logs_config.LogHandler setLog
INFO: Células lidas com sucesso

out. 11, 2024 7:37:06 PM logs_config.LogHandler setLog
INFO: Iniciando inserção dos objetos no Banco

out. 11, 2024 7:37:08 PM logs_config.LogHandler setLog
INFO: Todos objetos inseridos no Banco

out. 11, 2024 7:37:08 PM logs_config.LogHandler setLog
INFO: Exibindo dados da tabela MySQL

out. 11, 2024 7:37:08 PM logs_config.LogHandler setLog
INFO: Exibição de objetos finalizada

out. 23, 2024 8:31:28 PM logs_config.LogHandler setLog
INFO: DROP, CREATE e USE database

out. 23, 2024 8:31:29 PM logs_config.LogHandler setLog
INFO: DROP e CREATE tabela Municipios

out. 23, 2024 8:36:36 PM logs_config.LogHandler setLog
INFO: DROP, CREATE e USE database

out. 23, 2024 8:36:37 PM logs_config.LogHandler setLog
INFO: DROP e CREATE tabela Municipios

out. 23, 2024 8:37:50 PM logs_config.LogHandler setLog
INFO: DROP, CREATE e USE database

out. 23, 2024 8:37:51 PM logs_config.LogHandler setLog
INFO: DROP e CREATE tabela Municipios

out. 23, 2024 8:37:53 PM logs_config.LogHandler setLog
INFO: Células lidas com sucesso

out. 23, 2024 8:37:53 PM logs_config.LogHandler setLog
INFO: Iniciando inserção dos objetos no Banco

out. 23, 2024 8:37:55 PM logs_config.LogHandler setLog
INFO: Todos objetos inseridos no Banco

out. 23, 2024 8:37:55 PM logs_config.LogHandler setLog
INFO: Exibindo dados da tabela MySQL

out. 23, 2024 8:37:55 PM logs_config.LogHandler setLog
INFO: Exibição de objetos finalizada

out. 24, 2024 2:08:09 PM logs_config.LogHandler setLog
INFO: DROP, CREATE e USE database

out. 24, 2024 2:08:10 PM logs_config.LogHandler setLog
INFO: DROP e CREATE tabela Municipios

out. 24, 2024 2:08:13 PM logs_config.LogHandler setLog
INFO: Células lidas com sucesso

out. 24, 2024 2:08:13 PM logs_config.LogHandler setLog
INFO: Iniciando inserção dos objetos no Banco

out. 24, 2024 2:08:14 PM logs_config.LogHandler setLog
INFO: Todos objetos inseridos no Banco

out. 24, 2024 2:08:15 PM logs_config.LogHandler setLog
INFO: Exibindo dados da tabela MySQL

out. 24, 2024 2:08:15 PM logs_config.LogHandler setLog
INFO: Exibição de objetos finalizada

out. 24, 2024 2:29:42 PM logs_config.LogHandler setLog
INFO: DROP, CREATE e USE database

out. 24, 2024 2:29:43 PM logs_config.LogHandler setLog
INFO: DROP e CREATE tabela Municipios

out. 24, 2024 2:29:46 PM logs_config.LogHandler setLog
INFO: Células lidas com sucesso

out. 24, 2024 2:29:46 PM logs_config.LogHandler setLog
INFO: Iniciando inserção dos objetos no Banco

out. 24, 2024 2:34:25 PM logs_config.LogHandler setLog
INFO: DROP, CREATE e USE database

out. 24, 2024 2:34:26 PM logs_config.LogHandler setLog
INFO: DROP e CREATE tabela Municipios

out. 24, 2024 2:34:28 PM logs_config.LogHandler setLog
INFO: Células lidas com sucesso

out. 24, 2024 2:34:28 PM logs_config.LogHandler setLog
INFO: Iniciando inserção dos objetos no Banco

out. 24, 2024 2:36:47 PM logs_config.LogHandler setLog
INFO: DROP, CREATE e USE database

out. 24, 2024 2:36:47 PM logs_config.LogHandler setLog
INFO: DROP e CREATE tabela Municipios

out. 24, 2024 2:36:51 PM logs_config.LogHandler setLog
INFO: Células lidas com sucesso

out. 24, 2024 2:36:51 PM logs_config.LogHandler setLog
INFO: Iniciando inserção dos objetos no Banco

out. 24, 2024 2:36:52 PM logs_config.LogHandler setLog
INFO: Todos objetos inseridos no Banco

out. 24, 2024 2:36:53 PM logs_config.LogHandler setLog
INFO: Exibindo dados da tabela MySQL

out. 24, 2024 2:36:53 PM logs_config.LogHandler setLog
INFO: Exibição de objetos finalizada

out. 24, 2024 2:40:23 PM logs_config.LogHandler setLog
INFO: DROP, CREATE e USE database

out. 24, 2024 2:40:24 PM logs_config.LogHandler setLog
INFO: DROP e CREATE tabela Municipios

out. 24, 2024 2:40:27 PM logs_config.LogHandler setLog
INFO: Células lidas com sucesso

out. 24, 2024 2:40:27 PM logs_config.LogHandler setLog
INFO: Iniciando inserção dos objetos no Banco

out. 24, 2024 2:40:28 PM logs_config.LogHandler setLog
INFO: Todos objetos inseridos no Banco

out. 24, 2024 2:40:29 PM logs_config.LogHandler setLog
INFO: Exibindo dados da tabela MySQL

out. 24, 2024 2:40:29 PM logs_config.LogHandler setLog
INFO: Exibição de objetos finalizada

out. 24, 2024 2:45:25 PM logs_config.LogHandler setLog
INFO: DROP, CREATE e USE database

out. 24, 2024 2:45:25 PM logs_config.LogHandler setLog
INFO: DROP e CREATE tabela Municipios

out. 24, 2024 2:45:28 PM logs_config.LogHandler setLog
INFO: Células lidas com sucesso

out. 24, 2024 2:45:28 PM logs_config.LogHandler setLog
INFO: Iniciando inserção dos objetos no Banco

out. 24, 2024 2:45:30 PM logs_config.LogHandler setLog
INFO: Todos objetos inseridos no Banco

out. 24, 2024 2:45:30 PM logs_config.LogHandler setLog
INFO: Exibindo dados da tabela MySQL

out. 24, 2024 2:45:30 PM logs_config.LogHandler setLog
INFO: Exibição de objetos finalizada

out. 24, 2024 6:10:11 PM logs_config.LogHandler setLog
INFO: DROP, CREATE e USE database

out. 24, 2024 6:10:11 PM logs_config.LogHandler setLog
INFO: DROP e CREATE tabela Municipios

out. 24, 2024 6:10:14 PM logs_config.LogHandler setLog
INFO: Células lidas com sucesso

out. 24, 2024 6:10:14 PM logs_config.LogHandler setLog
INFO: Iniciando inserção dos objetos no Banco

out. 24, 2024 6:10:15 PM logs_config.LogHandler setLog
INFO: Todos objetos inseridos no Banco

out. 24, 2024 6:10:16 PM logs_config.LogHandler setLog
INFO: Exibindo dados da tabela MySQL

out. 24, 2024 6:10:16 PM logs_config.LogHandler setLog
INFO: Exibição de objetos finalizada

out. 24, 2024 6:13:51 PM logs_config.LogHandler setLog
INFO: DROP, CREATE e USE database

out. 24, 2024 6:13:51 PM logs_config.LogHandler setLog
INFO: DROP e CREATE tabela Municipios

out. 24, 2024 6:15:59 PM logs_config.LogHandler setLog
INFO: DROP, CREATE e USE database

out. 24, 2024 6:16:00 PM logs_config.LogHandler setLog
INFO: DROP e CREATE tabela Municipios

out. 24, 2024 6:16:02 PM logs_config.LogHandler setLog
INFO: Células lidas com sucesso

out. 24, 2024 6:16:02 PM logs_config.LogHandler setLog
INFO: Iniciando inserção dos objetos no Banco

out. 24, 2024 6:16:03 PM logs_config.LogHandler setLog
INFO: Todos objetos inseridos no Banco

out. 24, 2024 6:16:03 PM logs_config.LogHandler setLog
INFO: Exibindo dados da tabela MySQL

out. 24, 2024 6:16:03 PM logs_config.LogHandler setLog
INFO: Exibição de objetos finalizada

out. 24, 2024 6:32:52 PM logs_config.LogHandler setLog
INFO: DROP, CREATE e USE database

out. 24, 2024 6:32:53 PM logs_config.LogHandler setLog
INFO: DROP e CREATE tabela Municipios

out. 24, 2024 6:32:55 PM logs_config.LogHandler setLog
INFO: Células lidas com sucesso

out. 24, 2024 6:32:55 PM logs_config.LogHandler setLog
INFO: Iniciando inserção dos objetos no Banco

out. 24, 2024 6:32:56 PM logs_config.LogHandler setLog
INFO: Todos objetos inseridos no Banco

out. 24, 2024 6:32:57 PM logs_config.LogHandler setLog
INFO: Exibindo dados da tabela MySQL

out. 24, 2024 6:32:57 PM logs_config.LogHandler setLog
INFO: Exibição de objetos finalizada

out. 24, 2024 6:40:35 PM logs_config.LogHandler setLog
INFO: DROP, CREATE e USE database

out. 24, 2024 6:40:36 PM logs_config.LogHandler setLog
INFO: DROP e CREATE tabela Municipios

out. 24, 2024 6:40:38 PM logs_config.LogHandler setLog
INFO: Células lidas com sucesso

out. 24, 2024 6:40:38 PM logs_config.LogHandler setLog
INFO: Iniciando inserção dos objetos no Banco

out. 24, 2024 6:40:39 PM logs_config.LogHandler setLog
INFO: Todos objetos inseridos no Banco

out. 24, 2024 6:40:39 PM logs_config.LogHandler setLog
INFO: Exibindo dados da tabela MySQL

out. 24, 2024 6:40:39 PM logs_config.LogHandler setLog
INFO: Exibição de objetos finalizada

out. 24, 2024 7:35:46 PM logs_config.LogHandler setLog
INFO: DROP, CREATE e USE database

out. 24, 2024 7:35:47 PM logs_config.LogHandler setLog
INFO: DROP e CREATE tabela Municipios

out. 24, 2024 7:58:12 PM logs_config.LogHandler setLog
INFO: DROP, CREATE e USE database

out. 24, 2024 7:58:13 PM logs_config.LogHandler setLog
INFO: DROP e CREATE tabela Municipios

out. 24, 2024 7:58:15 PM logs_config.LogHandler setLog
INFO: Células lidas com sucesso

out. 24, 2024 7:58:15 PM logs_config.LogHandler setLog
INFO: Iniciando inserção dos objetos no Banco

out. 24, 2024 7:58:16 PM logs_config.LogHandler setLog
INFO: Todos objetos inseridos no Banco

out. 24, 2024 7:58:16 PM logs_config.LogHandler setLog
INFO: Exibindo dados da tabela MySQL

out. 24, 2024 7:58:16 PM logs_config.LogHandler setLog
INFO: Exibição de objetos finalizada

out. 24, 2024 8:03:47 PM logs_config.LogHandler setLog
INFO: DROP, CREATE e USE database

out. 24, 2024 8:03:47 PM logs_config.LogHandler setLog
INFO: DROP e CREATE tabela Municipios

out. 24, 2024 8:03:50 PM logs_config.LogHandler setLog
INFO: Células lidas com sucesso

out. 24, 2024 8:03:50 PM logs_config.LogHandler setLog
INFO: Iniciando inserção dos objetos no Banco

out. 24, 2024 8:03:51 PM logs_config.LogHandler setLog
INFO: Todos objetos inseridos no Banco

out. 24, 2024 8:03:51 PM logs_config.LogHandler setLog
INFO: Exibindo dados da tabela MySQL

out. 24, 2024 8:03:51 PM logs_config.LogHandler setLog
INFO: Exibição de objetos finalizada

out. 25, 2024 4:52:51 PM logs_config.LogHandler setLog
INFO: DROP, CREATE e USE database

out. 25, 2024 4:52:51 PM logs_config.LogHandler setLog
INFO: DROP e CREATE tabela Municipios

out. 25, 2024 4:54:17 PM logs_config.LogHandler setLog
INFO: DROP, CREATE e USE database

out. 25, 2024 4:54:19 PM logs_config.LogHandler setLog
INFO: DROP e CREATE tabela Municipios

out. 25, 2024 4:54:22 PM logs_config.LogHandler setLog
INFO: Células lidas com sucesso

out. 25, 2024 4:54:22 PM logs_config.LogHandler setLog
INFO: Iniciando inserção dos objetos no Banco

out. 25, 2024 4:54:24 PM logs_config.LogHandler setLog
INFO: Todos objetos inseridos no Banco

out. 25, 2024 4:54:24 PM logs_config.LogHandler setLog
INFO: Exibindo dados da tabela MySQL

out. 25, 2024 4:54:24 PM logs_config.LogHandler setLog
INFO: Exibição de objetos finalizada

out. 25, 2024 9:05:13 PM logs_config.LogHandler setLog
INFO: DROP, CREATE e USE database

out. 25, 2024 9:05:58 PM logs_config.LogHandler setLog
INFO: DROP, CREATE e USE database

out. 25, 2024 9:05:59 PM logs_config.LogHandler setLog
INFO: DROP e CREATE tabelas Municipios

out. 25, 2024 9:09:12 PM logs_config.LogHandler setLog
INFO: DROP, CREATE e USE database

out. 25, 2024 9:09:14 PM logs_config.LogHandler setLog
INFO: DROP e CREATE tabelas Municipios

out. 25, 2024 9:09:22 PM logs_config.LogHandler setLog
INFO: Células lidas com sucesso

out. 25, 2024 9:09:22 PM logs_config.LogHandler setLog
INFO: Iniciando inserção dos objetos no Banco

out. 25, 2024 9:40:57 PM logs_config.LogHandler setLog
INFO: DROP, CREATE e USE database

out. 25, 2024 9:40:58 PM logs_config.LogHandler setLog
INFO: DROP e CREATE tabelas Municipios

out. 25, 2024 9:41:02 PM logs_config.LogHandler setLog
INFO: Células lidas com sucesso

out. 25, 2024 9:41:02 PM logs_config.LogHandler setLog
INFO: Iniciando inserção dos objetos no Banco

out. 25, 2024 9:59:11 PM logs_config.LogHandler setLog
INFO: DROP, CREATE e USE database

out. 25, 2024 9:59:12 PM logs_config.LogHandler setLog
INFO: DROP e CREATE tabelas Municipios

out. 25, 2024 9:59:16 PM logs_config.LogHandler setLog
INFO: Células lidas com sucesso

out. 25, 2024 9:59:16 PM logs_config.LogHandler setLog
INFO: Iniciando inserção dos objetos no Banco

out. 25, 2024 11:06:09 PM logs_config.LogHandler setLog
INFO: DROP, CREATE e USE database

out. 25, 2024 11:06:10 PM logs_config.LogHandler setLog
INFO: DROP e CREATE tabelas Municipios

out. 25, 2024 11:06:13 PM logs_config.LogHandler setLog
INFO: Células lidas com sucesso

out. 25, 2024 11:06:13 PM logs_config.LogHandler setLog
INFO: Iniciando inserção dos objetos no Banco

out. 25, 2024 11:12:41 PM logs_config.LogHandler setLog
INFO: DROP, CREATE e USE database

out. 25, 2024 11:12:42 PM logs_config.LogHandler setLog
INFO: DROP e CREATE tabelas Municipios

out. 25, 2024 11:12:46 PM logs_config.LogHandler setLog
INFO: Células lidas com sucesso

out. 25, 2024 11:12:46 PM logs_config.LogHandler setLog
INFO: Iniciando inserção dos objetos no Banco

out. 25, 2024 11:14:01 PM logs_config.LogHandler setLog
INFO: DROP, CREATE e USE database

out. 25, 2024 11:14:01 PM logs_config.LogHandler setLog
INFO: DROP e CREATE tabelas Municipios

out. 25, 2024 11:14:05 PM logs_config.LogHandler setLog
INFO: Células lidas com sucesso

out. 25, 2024 11:14:05 PM logs_config.LogHandler setLog
INFO: Iniciando inserção dos objetos no Banco

out. 25, 2024 11:14:07 PM logs_config.LogHandler setLog
INFO: Todos objetos inseridos no Banco

out. 25, 2024 11:18:43 PM logs_config.LogHandler setLog
INFO: DROP, CREATE e USE database

out. 25, 2024 11:18:43 PM logs_config.LogHandler setLog
INFO: DROP e CREATE tabelas Municipios

out. 25, 2024 11:18:47 PM logs_config.LogHandler setLog
INFO: Células lidas com sucesso

out. 25, 2024 11:18:47 PM logs_config.LogHandler setLog
INFO: Iniciando inserção dos objetos no Banco

out. 25, 2024 11:18:49 PM logs_config.LogHandler setLog
INFO: Todos objetos inseridos no Banco

out. 25, 2024 11:18:49 PM logs_config.LogHandler setLog
INFO: Exibindo dados da tabela MySQL

out. 25, 2024 11:18:49 PM logs_config.LogHandler setLog
INFO: Exibição de objetos finalizada

out. 26, 2024 4:18:52 PM logs_config.LogHandler setLog
INFO: DROP, CREATE e USE database

out. 26, 2024 4:18:53 PM logs_config.LogHandler setLog
INFO: DROP e CREATE tabelas Municipios

out. 26, 2024 4:21:31 PM logs_config.LogHandler setLog
INFO: DROP, CREATE e USE database

out. 26, 2024 4:21:32 PM logs_config.LogHandler setLog
INFO: DROP e CREATE tabelas Municipios

out. 26, 2024 4:21:37 PM logs_config.LogHandler setLog
INFO: Células lidas com sucesso

out. 26, 2024 4:21:37 PM logs_config.LogHandler setLog
INFO: Iniciando inserção dos objetos no Banco

out. 26, 2024 4:26:52 PM logs_config.LogHandler setLog
INFO: DROP, CREATE e USE database

out. 26, 2024 4:26:53 PM logs_config.LogHandler setLog
INFO: DROP e CREATE tabelas Municipios

out. 26, 2024 4:26:57 PM logs_config.LogHandler setLog
INFO: Células lidas com sucesso

out. 26, 2024 4:26:57 PM logs_config.LogHandler setLog
INFO: Iniciando inserção dos objetos no Banco

out. 26, 2024 4:27:30 PM logs_config.LogHandler setLog
INFO: DROP, CREATE e USE database

out. 26, 2024 4:27:31 PM logs_config.LogHandler setLog
INFO: DROP e CREATE tabelas Municipios

out. 26, 2024 4:27:35 PM logs_config.LogHandler setLog
INFO: Células lidas com sucesso

out. 26, 2024 4:27:35 PM logs_config.LogHandler setLog
INFO: Iniciando inserção dos objetos no Banco

out. 26, 2024 4:34:48 PM logs_config.LogHandler setLog
INFO: DROP, CREATE e USE database

out. 26, 2024 4:34:49 PM logs_config.LogHandler setLog
INFO: DROP e CREATE tabelas Municipios

out. 26, 2024 4:34:53 PM logs_config.LogHandler setLog
INFO: Células lidas com sucesso

out. 26, 2024 4:34:53 PM logs_config.LogHandler setLog
INFO: Iniciando inserção dos objetos no Banco

out. 26, 2024 4:43:28 PM logs_config.LogHandler setLog
INFO: DROP, CREATE e USE database

out. 26, 2024 4:43:29 PM logs_config.LogHandler setLog
INFO: DROP e CREATE tabelas Municipios

out. 26, 2024 4:43:32 PM logs_config.LogHandler setLog
INFO: Células lidas com sucesso

out. 26, 2024 4:43:32 PM logs_config.LogHandler setLog
INFO: Iniciando inserção dos objetos no Banco

out. 26, 2024 4:44:18 PM logs_config.LogHandler setLog
INFO: DROP, CREATE e USE database

out. 26, 2024 4:44:19 PM logs_config.LogHandler setLog
INFO: DROP e CREATE tabelas Municipios

out. 26, 2024 4:48:40 PM logs_config.LogHandler setLog
INFO: DROP, CREATE e USE database

out. 26, 2024 4:48:41 PM logs_config.LogHandler setLog
INFO: DROP e CREATE tabelas Municipios

out. 26, 2024 4:49:05 PM logs_config.LogHandler setLog
INFO: Células lidas com sucesso

out. 26, 2024 4:49:05 PM logs_config.LogHandler setLog
INFO: Iniciando inserção dos objetos no Banco

out. 26, 2024 5:05:50 PM logs_config.LogHandler setLog
INFO: DROP, CREATE e USE database

out. 26, 2024 5:05:50 PM logs_config.LogHandler setLog
INFO: DROP e CREATE tabelas Municipios

out. 26, 2024 5:05:51 PM logs_config.LogHandler setLog
INFO: Iniciando inserção dos objetos no Banco

out. 26, 2024 5:05:56 PM logs_config.LogHandler setLog
INFO: Todos objetos inseridos no Banco

out. 26, 2024 5:05:57 PM logs_config.LogHandler setLog
INFO: Exibindo dados da tabela MySQL

out. 26, 2024 5:11:06 PM logs_config.LogHandler setLog
INFO: DROP, CREATE e USE database

out. 26, 2024 5:11:07 PM logs_config.LogHandler setLog
INFO: DROP e CREATE tabelas Municipios

out. 26, 2024 5:11:07 PM logs_config.LogHandler setLog
INFO: Iniciando inserção dos objetos no Banco

out. 26, 2024 5:11:13 PM logs_config.LogHandler setLog
INFO: Todos objetos inseridos no Banco

out. 26, 2024 5:11:13 PM logs_config.LogHandler setLog
INFO: Exibindo dados da tabela MySQL

out. 26, 2024 5:11:13 PM logs_config.LogHandler setLog
INFO: Exibição de objetos finalizada

